2020/12/18 02:46:28 : image: http://localhost/customcart/images/BSNIDESS1.39CHCOPW-100.png 404
2020/12/18 02:46:31 : image: http://localhost/customcart/images/BSNIDESS1.39VANNPW-100.png 404
2020/12/18 02:46:34 : image: http://localhost/customcart/images/chpultmtchoc60ct-s.png 404
2020/12/18 02:46:37 : image: http://localhost/customcart/images/CHMPNULC0060CHOCPK-s.png 404
2020/12/18 02:46:40 : image: http://localhost/customcart/images/chpultmtlcvan60ct-s.png 404
2020/12/18 02:46:43 : image: http://localhost/customcart/images/chpultrametstrw60ct-s.png 404
2020/12/18 02:46:46 : image: http://localhost/customcart/images/chpultrmtvan60ct-s.png 404
2020/12/18 02:46:49 : image: http://localhost/customcart/images/clfbarbberrycrsp12ct-s.png 404
2020/12/18 02:46:52 : image: http://localhost/customcart/images/CLIFBUIL0012PEANBR-s.png 404
2020/12/18 02:46:55 : image: http://localhost/customcart/images/clfbarchocchip12ct-s.png 404
2020/12/18 02:46:58 : image: http://localhost/customcart/images/clflunaoatmeal12ct-s.png 404
2020/12/18 02:47:02 : image: http://localhost/customcart/images/CSPTCMAX01.5CITRPW-s.png 404
2020/12/18 02:47:04 : image: http://localhost/customcart/images/CSPTCMAX01.5ORGEPW1-s.png 404
2020/12/18 02:47:06 : image: http://localhost/customcart/images/CSPTEVOP2.25VANNPW-100.png 404
2020/12/18 02:47:09 : image: http://localhost/customcart/images/cysfasttwtchlem2lb-s.png 404
2020/12/18 02:47:13 : image: http://localhost/customcart/images/cysfasttwtchgrp2lb-s.png 404
2020/12/18 02:47:17 : image: http://localhost/customcart/images/cysfasttwtchlem2lb-s.png 404
2020/12/18 02:47:19 : image: http://localhost/customcart/images/cysmmcksncrm5lb-s.png 404
2020/12/18 02:47:22 : image: http://localhost/customcart/images/cysmmbarchocpntcarml8ct-s.png 404
2020/12/18 02:47:25 : image: http://localhost/customcart/images/cysmmbarvantoffcrnch8ct-s.png 404
