2020/12/18 02:46:28 : http://localhost/customcart/images/BSNIDESS1.39CHCOPW-100.png
2020/12/18 02:46:31 : http://localhost/customcart/images/BSNIDESS1.39VANNPW-100.png
2020/12/18 02:46:34 : http://localhost/customcart/images/chpultmtchoc60ct-s.png
2020/12/18 02:46:37 : http://localhost/customcart/images/CHMPNULC0060CHOCPK-s.png
2020/12/18 02:46:40 : http://localhost/customcart/images/chpultmtlcvan60ct-s.png
2020/12/18 02:46:43 : http://localhost/customcart/images/chpultrametstrw60ct-s.png
2020/12/18 02:46:46 : http://localhost/customcart/images/chpultrmtvan60ct-s.png
2020/12/18 02:46:49 : http://localhost/customcart/images/clfbarbberrycrsp12ct-s.png
2020/12/18 02:46:52 : http://localhost/customcart/images/CLIFBUIL0012PEANBR-s.png
2020/12/18 02:46:55 : http://localhost/customcart/images/clfbarchocchip12ct-s.png
2020/12/18 02:46:58 : http://localhost/customcart/images/clflunaoatmeal12ct-s.png
2020/12/18 02:47:02 : http://localhost/customcart/images/CSPTCMAX01.5CITRPW-s.png
2020/12/18 02:47:04 : http://localhost/customcart/images/CSPTCMAX01.5ORGEPW1-s.png
2020/12/18 02:47:06 : http://localhost/customcart/images/CSPTEVOP2.25VANNPW-100.png
2020/12/18 02:47:09 : http://localhost/customcart/images/cysfasttwtchlem2lb-s.png
2020/12/18 02:47:13 : http://localhost/customcart/images/cysfasttwtchgrp2lb-s.png
2020/12/18 02:47:17 : http://localhost/customcart/images/cysfasttwtchlem2lb-s.png
2020/12/18 02:47:19 : http://localhost/customcart/images/cysmmcksncrm5lb-s.png
2020/12/18 02:47:22 : http://localhost/customcart/images/cysmmbarchocpntcarml8ct-s.png
2020/12/18 02:47:25 : http://localhost/customcart/images/cysmmbarvantoffcrnch8ct-s.png
